==14693== Memcheck, a memory error detector
==14693== Copyright (C) 2002-2022, and GNU GPL'd, by Julian Seward et al.
==14693== Using Valgrind-3.20.0-5147d671e4-20221024 and LibVEX; rerun with -h for copyright info
==14693== Command: ./mini_shell
==14693== Parent PID: 14692
==14693== 
==14693== embedded gdbserver: reading from /tmp/vgdb-pipe-from-vgdb-to-14693-by-aurel-on-fedora-37
==14693== embedded gdbserver: writing to   /tmp/vgdb-pipe-to-vgdb-from-14693-by-aurel-on-fedora-37
==14693== embedded gdbserver: shared mem   /tmp/vgdb-pipe-shared-mem-vgdb-14693-by-aurel-on-fedora-37
==14693== 
==14693== TO CONTROL THIS PROCESS USING vgdb (which you probably
==14693== don't want to do, unless you know exactly what you're doing,
==14693== or are doing some strange experiment):
==14693==   /snap/valgrind/142/usr/libexec/valgrind/../../bin/vgdb --pid=14693 ...command...
==14693== 
==14693== TO DEBUG THIS PROCESS USING GDB: start GDB like this
==14693==   /path/to/gdb ./mini_shell
==14693== and then give GDB the following command
==14693==   target remote | /snap/valgrind/142/usr/libexec/valgrind/../../bin/vgdb --pid=14693
==14693== --pid is optional if only one valgrind process is running
==14693== 
==14693== WARNING: new redirection conflicts with existing -- ignoring it
==14693== Downloading debug info for /usr/lib64/libreadline.so.8.2...
==14693== Successfully downloaded debug file for /usr/lib64/libreadline.so.8.2
==14693== Downloading debug info for /home/aurel/.cache/debuginfod_client/7a2fe3f0fdf59c9969b6fc975d45dc8c5bafce75/debuginfo...
==14693== Successfully downloaded debug file for /home/aurel/.cache/debuginfod_client/7a2fe3f0fdf59c9969b6fc975d45dc8c5bafce75/debuginfo
==14693== Downloading debug info for /usr/lib64/libc.so.6...
==14693== Successfully downloaded debug file for /usr/lib64/libc.so.6
==14693== WARNING: new redirection conflicts with existing -- ignoring it
==14693== WARNING: new redirection conflicts with existing -- ignoring it
==14693== WARNING: new redirection conflicts with existing -- ignoring it
==14693== WARNING: new redirection conflicts with existing -- ignoring it
==14693== Downloading debug info for /usr/lib64/libtinfo.so.6.3...
==14693== Successfully downloaded debug file for /usr/lib64/libtinfo.so.6.3
==14693== Downloading debug info for /home/aurel/.cache/debuginfod_client/698cae6b13b3a224051b6646b50e00a6d62f83fe/debuginfo...
==14693== Successfully downloaded debug file for /home/aurel/.cache/debuginfod_client/698cae6b13b3a224051b6646b50e00a6d62f83fe/debuginfo
==14693== Preferring higher priority redirection:
==14693== WARNING: new redirection conflicts with existing -- ignoring it
==14693== Invalid read of size 1
==14693==    at 0x4E0AEF2: strlen (vg_replace_strmem.c:499)
==14693==    by 0x4C61827: __vfprintf_internal (vfprintf-process-arg.c:397)
==14693==    by 0x4C558FE: printf (printf.c:33)
==14693==    by 0x403289: debug_mini_shell (main.c:35)
==14693==    by 0x403439: main (main.c:70)
==14693==  Address 0x5016790 is 0 bytes inside a block of size 15 free'd
==14693==    at 0x4E079AF: free (vg_replace_malloc.c:884)
==14693==    by 0x4014D7: get_value (env.c:38)
==14693==    by 0x4016EF: get_env (env.c:79)
==14693==    by 0x40341A: main (main.c:68)
==14693==  Block was alloc'd at
==14693==    at 0x4E050C5: malloc (vg_replace_malloc.c:393)
==14693==    by 0x4038A4: ft_strdup (ft_strdup.c:20)
==14693==    by 0x4015CD: dup_env (env.c:56)
==14693==    by 0x40165B: get_env (env.c:71)
==14693==    by 0x40341A: main (main.c:68)
==14693== 
==14693== Invalid read of size 1
==14693==    at 0x4E0AF04: strlen (vg_replace_strmem.c:499)
==14693==    by 0x4C61827: __vfprintf_internal (vfprintf-process-arg.c:397)
==14693==    by 0x4C558FE: printf (printf.c:33)
==14693==    by 0x403289: debug_mini_shell (main.c:35)
==14693==    by 0x403439: main (main.c:70)
==14693==  Address 0x5016791 is 1 bytes inside a block of size 15 free'd
==14693==    at 0x4E079AF: free (vg_replace_malloc.c:884)
==14693==    by 0x4014D7: get_value (env.c:38)
==14693==    by 0x4016EF: get_env (env.c:79)
==14693==    by 0x40341A: main (main.c:68)
==14693==  Block was alloc'd at
==14693==    at 0x4E050C5: malloc (vg_replace_malloc.c:393)
==14693==    by 0x4038A4: ft_strdup (ft_strdup.c:20)
==14693==    by 0x4015CD: dup_env (env.c:56)
==14693==    by 0x40165B: get_env (env.c:71)
==14693==    by 0x40341A: main (main.c:68)
==14693== 
==14693== Invalid read of size 1
==14693==    at 0x4C852F9: _IO_new_file_xsputn (fileops.c:1218)
==14693==    by 0x4C852F9: _IO_file_xsputn@@GLIBC_2.2.5 (fileops.c:1196)
==14693==    by 0x4C616CE: outstring_func (vfprintf-internal.c:239)
==14693==    by 0x4C616CE: __vfprintf_internal (vfprintf-process-arg.c:421)
==14693==    by 0x4C558FE: printf (printf.c:33)
==14693==    by 0x403289: debug_mini_shell (main.c:35)
==14693==    by 0x403439: main (main.c:70)
==14693==  Address 0x501679d is 13 bytes inside a block of size 15 free'd
==14693==    at 0x4E079AF: free (vg_replace_malloc.c:884)
==14693==    by 0x4014D7: get_value (env.c:38)
==14693==    by 0x4016EF: get_env (env.c:79)
==14693==    by 0x40341A: main (main.c:68)
==14693==  Block was alloc'd at
==14693==    at 0x4E050C5: malloc (vg_replace_malloc.c:393)
==14693==    by 0x4038A4: ft_strdup (ft_strdup.c:20)
==14693==    by 0x4015CD: dup_env (env.c:56)
==14693==    by 0x40165B: get_env (env.c:71)
==14693==    by 0x40341A: main (main.c:68)
==14693== 
==14693== Invalid read of size 1
==14693==    at 0x4E100C8: mempcpy (vg_replace_strmem.c:1684)
==14693==    by 0x4C852AF: _IO_new_file_xsputn (fileops.c:1235)
==14693==    by 0x4C852AF: _IO_file_xsputn@@GLIBC_2.2.5 (fileops.c:1196)
==14693==    by 0x4C616CE: outstring_func (vfprintf-internal.c:239)
==14693==    by 0x4C616CE: __vfprintf_internal (vfprintf-process-arg.c:421)
==14693==    by 0x4C558FE: printf (printf.c:33)
==14693==    by 0x403289: debug_mini_shell (main.c:35)
==14693==    by 0x403439: main (main.c:70)
==14693==  Address 0x5016790 is 0 bytes inside a block of size 15 free'd
==14693==    at 0x4E079AF: free (vg_replace_malloc.c:884)
==14693==    by 0x4014D7: get_value (env.c:38)
==14693==    by 0x4016EF: get_env (env.c:79)
==14693==    by 0x40341A: main (main.c:68)
==14693==  Block was alloc'd at
==14693==    at 0x4E050C5: malloc (vg_replace_malloc.c:393)
==14693==    by 0x4038A4: ft_strdup (ft_strdup.c:20)
==14693==    by 0x4015CD: dup_env (env.c:56)
==14693==    by 0x40165B: get_env (env.c:71)
==14693==    by 0x40341A: main (main.c:68)
==14693== 
==14693== Invalid read of size 1
==14693==    at 0x4E100D6: mempcpy (vg_replace_strmem.c:1684)
==14693==    by 0x4C852AF: _IO_new_file_xsputn (fileops.c:1235)
==14693==    by 0x4C852AF: _IO_file_xsputn@@GLIBC_2.2.5 (fileops.c:1196)
==14693==    by 0x4C616CE: outstring_func (vfprintf-internal.c:239)
==14693==    by 0x4C616CE: __vfprintf_internal (vfprintf-process-arg.c:421)
==14693==    by 0x4C558FE: printf (printf.c:33)
==14693==    by 0x403289: debug_mini_shell (main.c:35)
==14693==    by 0x403439: main (main.c:70)
==14693==  Address 0x5016792 is 2 bytes inside a block of size 15 free'd
==14693==    at 0x4E079AF: free (vg_replace_malloc.c:884)
==14693==    by 0x4014D7: get_value (env.c:38)
==14693==    by 0x4016EF: get_env (env.c:79)
==14693==    by 0x40341A: main (main.c:68)
==14693==  Block was alloc'd at
==14693==    at 0x4E050C5: malloc (vg_replace_malloc.c:393)
==14693==    by 0x4038A4: ft_strdup (ft_strdup.c:20)
==14693==    by 0x4015CD: dup_env (env.c:56)
==14693==    by 0x40165B: get_env (env.c:71)
==14693==    by 0x40341A: main (main.c:68)
==14693== 
==14693== Invalid read of size 1
==14693==    at 0x4C86F73: _IO_default_xsputn (genops.c:399)
==14693==    by 0x4C86F73: _IO_default_xsputn (genops.c:370)
==14693==    by 0x4C853A4: _IO_new_file_xsputn (fileops.c:1264)
==14693==    by 0x4C853A4: _IO_file_xsputn@@GLIBC_2.2.5 (fileops.c:1196)
==14693==    by 0x4C616CE: outstring_func (vfprintf-internal.c:239)
==14693==    by 0x4C616CE: __vfprintf_internal (vfprintf-process-arg.c:421)
==14693==    by 0x4C558FE: printf (printf.c:33)
==14693==    by 0x403289: debug_mini_shell (main.c:35)
==14693==    by 0x403439: main (main.c:70)
==14693==  Address 0x50179cf is 1,007 bytes inside a block of size 1,770 free'd
==14693==    at 0x4E079AF: free (vg_replace_malloc.c:884)
==14693==    by 0x4014D7: get_value (env.c:38)
==14693==    by 0x4016EF: get_env (env.c:79)
==14693==    by 0x40341A: main (main.c:68)
==14693==  Block was alloc'd at
==14693==    at 0x4E050C5: malloc (vg_replace_malloc.c:393)
==14693==    by 0x4038A4: ft_strdup (ft_strdup.c:20)
==14693==    by 0x4015CD: dup_env (env.c:56)
==14693==    by 0x40165B: get_env (env.c:71)
==14693==    by 0x40341A: main (main.c:68)
==14693== 
==14693== Invalid read of size 8
==14693==    at 0x402BBB: free_cmd (free_struct.c:39)
==14693==    by 0x402D5A: clear_cmds (list_cmd_utils.c:24)
==14693==    by 0x402C90: free_mini_shell (free_struct.c:57)
==14693==    by 0x403167: exit_end_program (exit.c:27)
==14693==    by 0x403451: main (main.c:72)
==14693==  Address 0x5018e70 is 0 bytes after a block of size 16 alloc'd
==14693==    at 0x4E050C5: malloc (vg_replace_malloc.c:393)
==14693==    by 0x4036EE: ft_calloc (ft_calloc.c:21)
==14693==    by 0x4013CA: new_env_args (env.c:6)
==14693==    by 0x401681: get_env (env.c:75)
==14693==    by 0x40341A: main (main.c:68)
==14693== 
==14693== Invalid read of size 8
==14693==    at 0x402BE0: free_cmd (free_struct.c:41)
==14693==    by 0x402D5A: clear_cmds (list_cmd_utils.c:24)
==14693==    by 0x402C90: free_mini_shell (free_struct.c:57)
==14693==    by 0x403167: exit_end_program (exit.c:27)
==14693==    by 0x403451: main (main.c:72)
==14693==  Address 0x5018e78 is 8 bytes after a block of size 16 alloc'd
==14693==    at 0x4E050C5: malloc (vg_replace_malloc.c:393)
==14693==    by 0x4036EE: ft_calloc (ft_calloc.c:21)
==14693==    by 0x4013CA: new_env_args (env.c:6)
==14693==    by 0x401681: get_env (env.c:75)
==14693==    by 0x40341A: main (main.c:68)
==14693== 
==14693== Invalid read of size 8
==14693==    at 0x402C05: free_cmd (free_struct.c:43)
==14693==    by 0x402D5A: clear_cmds (list_cmd_utils.c:24)
==14693==    by 0x402C90: free_mini_shell (free_struct.c:57)
==14693==    by 0x403167: exit_end_program (exit.c:27)
==14693==    by 0x403451: main (main.c:72)
==14693==  Address 0x5018e80 is 16 bytes after a block of size 16 alloc'd
==14693==    at 0x4E050C5: malloc (vg_replace_malloc.c:393)
==14693==    by 0x4036EE: ft_calloc (ft_calloc.c:21)
==14693==    by 0x4013CA: new_env_args (env.c:6)
==14693==    by 0x401681: get_env (env.c:75)
==14693==    by 0x40341A: main (main.c:68)
==14693== 
==14693== Invalid read of size 8
==14693==    at 0x402C2A: free_cmd (free_struct.c:45)
==14693==    by 0x402D5A: clear_cmds (list_cmd_utils.c:24)
==14693==    by 0x402C90: free_mini_shell (free_struct.c:57)
==14693==    by 0x403167: exit_end_program (exit.c:27)
==14693==    by 0x403451: main (main.c:72)
==14693==  Address 0x5018e88 is 24 bytes after a block of size 16 in arena "client"
==14693== 
==14693== Invalid read of size 8
==14693==    at 0x402C37: free_cmd (free_struct.c:46)
==14693==    by 0x402D5A: clear_cmds (list_cmd_utils.c:24)
==14693==    by 0x402C90: free_mini_shell (free_struct.c:57)
==14693==    by 0x403167: exit_end_program (exit.c:27)
==14693==    by 0x403451: main (main.c:72)
==14693==  Address 0x5018e88 is 24 bytes after a block of size 16 in arena "client"
==14693== 
==14693== Invalid free() / delete / delete[] / realloc()
==14693==    at 0x4E079AF: free (vg_replace_malloc.c:884)
==14693==    by 0x402B6D: free_fd (free_struct.c:29)
==14693==    by 0x402C42: free_cmd (free_struct.c:46)
==14693==    by 0x402D5A: clear_cmds (list_cmd_utils.c:24)
==14693==    by 0x402C90: free_mini_shell (free_struct.c:57)
==14693==    by 0x403167: exit_end_program (exit.c:27)
==14693==    by 0x403451: main (main.c:72)
==14693==  Address 0x50 is not stack'd, malloc'd or (recently) free'd
==14693== 
==14693== Invalid write of size 8
==14693==    at 0x402C47: free_cmd (free_struct.c:46)
==14693==    by 0x402D5A: clear_cmds (list_cmd_utils.c:24)
==14693==    by 0x402C90: free_mini_shell (free_struct.c:57)
==14693==    by 0x403167: exit_end_program (exit.c:27)
==14693==    by 0x403451: main (main.c:72)
==14693==  Address 0x5018e88 is 24 bytes after a block of size 16 in arena "client"
==14693== 
==14693== 
==14693== FILE DESCRIPTORS: 4 open (3 std) at exit.
==14693== Open file descriptor 3: /home/aurel/Documents/CLionProjects/Mini_Shell/valgrind-out.log
==14693==    <inherited from parent>
==14693== 
==14693== 
==14693== HEAP SUMMARY:
==14693==     in use at exit: 224,818 bytes in 308 blocks
==14693==   total heap usage: 913 allocs, 680 frees, 260,170 bytes allocated
==14693== 
==14693== Searching for pointers to 308 not-freed blocks
==14693== Checked 238,328 bytes
==14693== 
==14693== 608 bytes in 1 blocks are definitely lost in loss record 29 of 75
==14693==    at 0x4E050C5: malloc (vg_replace_malloc.c:393)
==14693==    by 0x4036EE: ft_calloc (ft_calloc.c:21)
==14693==    by 0x401562: dup_env (env.c:51)
==14693==    by 0x40165B: get_env (env.c:71)
==14693==    by 0x40341A: main (main.c:68)
==14693== 
==14693== 936 bytes in 75 blocks are definitely lost in loss record 31 of 75
==14693==    at 0x4E050C5: malloc (vg_replace_malloc.c:393)
==14693==    by 0x4037F9: ft_substr (ft_substr.c:30)
==14693==    by 0x40143B: get_keys (env.c:19)
==14693==    by 0x4016B8: get_env (env.c:77)
==14693==    by 0x40341A: main (main.c:68)
==14693== 
==14693== LEAK SUMMARY:
==14693==    definitely lost: 1,544 bytes in 76 blocks
==14693==    indirectly lost: 0 bytes in 0 blocks
==14693==      possibly lost: 0 bytes in 0 blocks
==14693==    still reachable: 0 bytes in 0 blocks
==14693==         suppressed: 223,274 bytes in 232 blocks
==14693== 
==14693== ERROR SUMMARY: 12144 errors from 15 contexts (suppressed: 0 from 0)
==14693== 
==14693== 75 errors in context 1 of 15:
==14693== Invalid write of size 8
==14693==    at 0x402C47: free_cmd (free_struct.c:46)
==14693==    by 0x402D5A: clear_cmds (list_cmd_utils.c:24)
==14693==    by 0x402C90: free_mini_shell (free_struct.c:57)
==14693==    by 0x403167: exit_end_program (exit.c:27)
==14693==    by 0x403451: main (main.c:72)
==14693==  Address 0x5018e88 is 24 bytes after a block of size 16 in arena "client"
==14693== 
==14693== 
==14693== 75 errors in context 2 of 15:
==14693== Invalid free() / delete / delete[] / realloc()
==14693==    at 0x4E079AF: free (vg_replace_malloc.c:884)
==14693==    by 0x402B6D: free_fd (free_struct.c:29)
==14693==    by 0x402C42: free_cmd (free_struct.c:46)
==14693==    by 0x402D5A: clear_cmds (list_cmd_utils.c:24)
==14693==    by 0x402C90: free_mini_shell (free_struct.c:57)
==14693==    by 0x403167: exit_end_program (exit.c:27)
==14693==    by 0x403451: main (main.c:72)
==14693==  Address 0x50 is not stack'd, malloc'd or (recently) free'd
==14693== 
==14693== 
==14693== 75 errors in context 3 of 15:
==14693== Invalid read of size 8
==14693==    at 0x402C37: free_cmd (free_struct.c:46)
==14693==    by 0x402D5A: clear_cmds (list_cmd_utils.c:24)
==14693==    by 0x402C90: free_mini_shell (free_struct.c:57)
==14693==    by 0x403167: exit_end_program (exit.c:27)
==14693==    by 0x403451: main (main.c:72)
==14693==  Address 0x5018e88 is 24 bytes after a block of size 16 in arena "client"
==14693== 
==14693== 
==14693== 75 errors in context 4 of 15:
==14693== Invalid read of size 8
==14693==    at 0x402C2A: free_cmd (free_struct.c:45)
==14693==    by 0x402D5A: clear_cmds (list_cmd_utils.c:24)
==14693==    by 0x402C90: free_mini_shell (free_struct.c:57)
==14693==    by 0x403167: exit_end_program (exit.c:27)
==14693==    by 0x403451: main (main.c:72)
==14693==  Address 0x5018e88 is 24 bytes after a block of size 16 in arena "client"
==14693== 
==14693== 
==14693== 75 errors in context 5 of 15:
==14693== Invalid read of size 8
==14693==    at 0x402C05: free_cmd (free_struct.c:43)
==14693==    by 0x402D5A: clear_cmds (list_cmd_utils.c:24)
==14693==    by 0x402C90: free_mini_shell (free_struct.c:57)
==14693==    by 0x403167: exit_end_program (exit.c:27)
==14693==    by 0x403451: main (main.c:72)
==14693==  Address 0x5018e80 is 16 bytes after a block of size 16 alloc'd
==14693==    at 0x4E050C5: malloc (vg_replace_malloc.c:393)
==14693==    by 0x4036EE: ft_calloc (ft_calloc.c:21)
==14693==    by 0x4013CA: new_env_args (env.c:6)
==14693==    by 0x401681: get_env (env.c:75)
==14693==    by 0x40341A: main (main.c:68)
==14693== 
==14693== 
==14693== 75 errors in context 6 of 15:
==14693== Invalid read of size 8
==14693==    at 0x402BE0: free_cmd (free_struct.c:41)
==14693==    by 0x402D5A: clear_cmds (list_cmd_utils.c:24)
==14693==    by 0x402C90: free_mini_shell (free_struct.c:57)
==14693==    by 0x403167: exit_end_program (exit.c:27)
==14693==    by 0x403451: main (main.c:72)
==14693==  Address 0x5018e78 is 8 bytes after a block of size 16 alloc'd
==14693==    at 0x4E050C5: malloc (vg_replace_malloc.c:393)
==14693==    by 0x4036EE: ft_calloc (ft_calloc.c:21)
==14693==    by 0x4013CA: new_env_args (env.c:6)
==14693==    by 0x401681: get_env (env.c:75)
==14693==    by 0x40341A: main (main.c:68)
==14693== 
==14693== 
==14693== 75 errors in context 7 of 15:
==14693== Invalid read of size 8
==14693==    at 0x402BBB: free_cmd (free_struct.c:39)
==14693==    by 0x402D5A: clear_cmds (list_cmd_utils.c:24)
==14693==    by 0x402C90: free_mini_shell (free_struct.c:57)
==14693==    by 0x403167: exit_end_program (exit.c:27)
==14693==    by 0x403451: main (main.c:72)
==14693==  Address 0x5018e70 is 0 bytes after a block of size 16 alloc'd
==14693==    at 0x4E050C5: malloc (vg_replace_malloc.c:393)
==14693==    by 0x4036EE: ft_calloc (ft_calloc.c:21)
==14693==    by 0x4013CA: new_env_args (env.c:6)
==14693==    by 0x401681: get_env (env.c:75)
==14693==    by 0x40341A: main (main.c:68)
==14693== 
==14693== 
==14693== 75 errors in context 8 of 15:
==14693== Invalid read of size 1
==14693==    at 0x4E0AEF2: strlen (vg_replace_strmem.c:499)
==14693==    by 0x4C61827: __vfprintf_internal (vfprintf-process-arg.c:397)
==14693==    by 0x4C558FE: printf (printf.c:33)
==14693==    by 0x403289: debug_mini_shell (main.c:35)
==14693==    by 0x403439: main (main.c:70)
==14693==  Address 0x5016790 is 0 bytes inside a block of size 15 free'd
==14693==    at 0x4E079AF: free (vg_replace_malloc.c:884)
==14693==    by 0x4014D7: get_value (env.c:38)
==14693==    by 0x4016EF: get_env (env.c:79)
==14693==    by 0x40341A: main (main.c:68)
==14693==  Block was alloc'd at
==14693==    at 0x4E050C5: malloc (vg_replace_malloc.c:393)
==14693==    by 0x4038A4: ft_strdup (ft_strdup.c:20)
==14693==    by 0x4015CD: dup_env (env.c:56)
==14693==    by 0x40165B: get_env (env.c:71)
==14693==    by 0x40341A: main (main.c:68)
==14693== 
==14693== 
==14693== 762 errors in context 9 of 15:
==14693== Invalid read of size 1
==14693==    at 0x4C86F73: _IO_default_xsputn (genops.c:399)
==14693==    by 0x4C86F73: _IO_default_xsputn (genops.c:370)
==14693==    by 0x4C853A4: _IO_new_file_xsputn (fileops.c:1264)
==14693==    by 0x4C853A4: _IO_file_xsputn@@GLIBC_2.2.5 (fileops.c:1196)
==14693==    by 0x4C616CE: outstring_func (vfprintf-internal.c:239)
==14693==    by 0x4C616CE: __vfprintf_internal (vfprintf-process-arg.c:421)
==14693==    by 0x4C558FE: printf (printf.c:33)
==14693==    by 0x403289: debug_mini_shell (main.c:35)
==14693==    by 0x403439: main (main.c:70)
==14693==  Address 0x50179cf is 1,007 bytes inside a block of size 1,770 free'd
==14693==    at 0x4E079AF: free (vg_replace_malloc.c:884)
==14693==    by 0x4014D7: get_value (env.c:38)
==14693==    by 0x4016EF: get_env (env.c:79)
==14693==    by 0x40341A: main (main.c:68)
==14693==  Block was alloc'd at
==14693==    at 0x4E050C5: malloc (vg_replace_malloc.c:393)
==14693==    by 0x4038A4: ft_strdup (ft_strdup.c:20)
==14693==    by 0x4015CD: dup_env (env.c:56)
==14693==    by 0x40165B: get_env (env.c:71)
==14693==    by 0x40341A: main (main.c:68)
==14693== 
==14693== 
==14693== 1776 errors in context 10 of 15:
==14693== Invalid read of size 1
==14693==    at 0x4E100D6: mempcpy (vg_replace_strmem.c:1684)
==14693==    by 0x4C852AF: _IO_new_file_xsputn (fileops.c:1235)
==14693==    by 0x4C852AF: _IO_file_xsputn@@GLIBC_2.2.5 (fileops.c:1196)
==14693==    by 0x4C616CE: outstring_func (vfprintf-internal.c:239)
==14693==    by 0x4C616CE: __vfprintf_internal (vfprintf-process-arg.c:421)
==14693==    by 0x4C558FE: printf (printf.c:33)
==14693==    by 0x403289: debug_mini_shell (main.c:35)
==14693==    by 0x403439: main (main.c:70)
==14693==  Address 0x5016792 is 2 bytes inside a block of size 15 free'd
==14693==    at 0x4E079AF: free (vg_replace_malloc.c:884)
==14693==    by 0x4014D7: get_value (env.c:38)
==14693==    by 0x4016EF: get_env (env.c:79)
==14693==    by 0x40341A: main (main.c:68)
==14693==  Block was alloc'd at
==14693==    at 0x4E050C5: malloc (vg_replace_malloc.c:393)
==14693==    by 0x4038A4: ft_strdup (ft_strdup.c:20)
==14693==    by 0x4015CD: dup_env (env.c:56)
==14693==    by 0x40165B: get_env (env.c:71)
==14693==    by 0x40341A: main (main.c:68)
==14693== 
==14693== 
==14693== 1899 errors in context 11 of 15:
==14693== Invalid read of size 1
==14693==    at 0x4E100C8: mempcpy (vg_replace_strmem.c:1684)
==14693==    by 0x4C852AF: _IO_new_file_xsputn (fileops.c:1235)
==14693==    by 0x4C852AF: _IO_file_xsputn@@GLIBC_2.2.5 (fileops.c:1196)
==14693==    by 0x4C616CE: outstring_func (vfprintf-internal.c:239)
==14693==    by 0x4C616CE: __vfprintf_internal (vfprintf-process-arg.c:421)
==14693==    by 0x4C558FE: printf (printf.c:33)
==14693==    by 0x403289: debug_mini_shell (main.c:35)
==14693==    by 0x403439: main (main.c:70)
==14693==  Address 0x5016790 is 0 bytes inside a block of size 15 free'd
==14693==    at 0x4E079AF: free (vg_replace_malloc.c:884)
==14693==    by 0x4014D7: get_value (env.c:38)
==14693==    by 0x4016EF: get_env (env.c:79)
==14693==    by 0x40341A: main (main.c:68)
==14693==  Block was alloc'd at
==14693==    at 0x4E050C5: malloc (vg_replace_malloc.c:393)
==14693==    by 0x4038A4: ft_strdup (ft_strdup.c:20)
==14693==    by 0x4015CD: dup_env (env.c:56)
==14693==    by 0x40165B: get_env (env.c:71)
==14693==    by 0x40341A: main (main.c:68)
==14693== 
==14693== 
==14693== 2668 errors in context 12 of 15:
==14693== Invalid read of size 1
==14693==    at 0x4C852F9: _IO_new_file_xsputn (fileops.c:1218)
==14693==    by 0x4C852F9: _IO_file_xsputn@@GLIBC_2.2.5 (fileops.c:1196)
==14693==    by 0x4C616CE: outstring_func (vfprintf-internal.c:239)
==14693==    by 0x4C616CE: __vfprintf_internal (vfprintf-process-arg.c:421)
==14693==    by 0x4C558FE: printf (printf.c:33)
==14693==    by 0x403289: debug_mini_shell (main.c:35)
==14693==    by 0x403439: main (main.c:70)
==14693==  Address 0x501679d is 13 bytes inside a block of size 15 free'd
==14693==    at 0x4E079AF: free (vg_replace_malloc.c:884)
==14693==    by 0x4014D7: get_value (env.c:38)
==14693==    by 0x4016EF: get_env (env.c:79)
==14693==    by 0x40341A: main (main.c:68)
==14693==  Block was alloc'd at
==14693==    at 0x4E050C5: malloc (vg_replace_malloc.c:393)
==14693==    by 0x4038A4: ft_strdup (ft_strdup.c:20)
==14693==    by 0x4015CD: dup_env (env.c:56)
==14693==    by 0x40165B: get_env (env.c:71)
==14693==    by 0x40341A: main (main.c:68)
==14693== 
==14693== 
==14693== 4437 errors in context 13 of 15:
==14693== Invalid read of size 1
==14693==    at 0x4E0AF04: strlen (vg_replace_strmem.c:499)
==14693==    by 0x4C61827: __vfprintf_internal (vfprintf-process-arg.c:397)
==14693==    by 0x4C558FE: printf (printf.c:33)
==14693==    by 0x403289: debug_mini_shell (main.c:35)
==14693==    by 0x403439: main (main.c:70)
==14693==  Address 0x5016791 is 1 bytes inside a block of size 15 free'd
==14693==    at 0x4E079AF: free (vg_replace_malloc.c:884)
==14693==    by 0x4014D7: get_value (env.c:38)
==14693==    by 0x4016EF: get_env (env.c:79)
==14693==    by 0x40341A: main (main.c:68)
==14693==  Block was alloc'd at
==14693==    at 0x4E050C5: malloc (vg_replace_malloc.c:393)
==14693==    by 0x4038A4: ft_strdup (ft_strdup.c:20)
==14693==    by 0x4015CD: dup_env (env.c:56)
==14693==    by 0x40165B: get_env (env.c:71)
==14693==    by 0x40341A: main (main.c:68)
==14693== 
==14693== 
==14693== ERROR SUMMARY: 12144 errors from 15 contexts (suppressed: 0 from 0)
