==1401817== Memcheck, a memory error detector
==1401817== Copyright (C) 2002-2017, and GNU GPL'd, by Julian Seward et al.
==1401817== Using Valgrind-3.15.0-608cb11914-20190413 and LibVEX; rerun with -h for copyright info
==1401817== Command: ./minishell test
==1401817== Parent PID: 1401815
==1401817== 
--1401817-- 
--1401817-- Valgrind options:
--1401817--    --show-leak-kinds=all
--1401817--    --leak-check=full
--1401817--    --track-fds=yes
--1401817--    --verbose
--1401817--    --show-mismatched-frees=yes
--1401817--    --read-var-info=yes
--1401817--    --suppressions=__ignore_leaks.txt
--1401817--    --log-file=__valgrind-out.log
--1401817-- Contents of /proc/version:
--1401817--   Linux version 5.4.0-137-generic (buildd@lcy02-amd64-009) (gcc version 9.4.0 (Ubuntu 9.4.0-1ubuntu1~20.04.1)) #154-Ubuntu SMP Thu Jan 5 17:03:22 UTC 2023
--1401817-- 
--1401817-- Arch and hwcaps: AMD64, LittleEndian, amd64-cx16-lzcnt-rdtscp-sse3-ssse3-avx-avx2-bmi-f16c-rdrand
--1401817-- Page sizes: currently 4096, max supported 4096
--1401817-- Valgrind library directory: /usr/lib/x86_64-linux-gnu/valgrind
--1401817-- Reading syms from /nfs/homes/aucaland/Documents/tronc_commun/MiniShell_/_logs/minishell
--1401817-- Reading syms from /usr/lib/x86_64-linux-gnu/ld-2.31.so
--1401817--   Considering /usr/lib/debug/.build-id/45/87364908de169dec62ffa538170118c1c3a078.debug ..
--1401817--   .. build-id is valid
